<?xml version="1.0" encoding="UTF-8"?>
<testsuite xmlns:xsi="http://www.w3.org/2001/XMLSchema-instance" xsi:noNamespaceSchemaLocation="https://maven.apache.org/surefire/maven-surefire-plugin/xsd/surefire-test-report.xsd" name="org.ConsumerApplication.AppTest" time="0.032" tests="1" errors="0" skipped="0" failures="0">
  <properties>
    <property name="gopherProxySet" value="false"/>
    <property name="awt.toolkit" value="sun.lwawt.macosx.LWCToolkit"/>
    <property name="java.specification.version" value="11"/>
    <property name="sun.cpu.isalist" value=""/>
    <property name="sun.jnu.encoding" value="UTF-8"/>
    <property name="java.class.path" value="/Users/tushar/IdeaProjects/ConsumerApplication/target/test-classes:/Users/tushar/IdeaProjects/ConsumerApplication/target/classes:/Users/tushar/.m2/repository/junit/junit/4.11/junit-4.11.jar:/Users/tushar/.m2/repository/org/hamcrest/hamcrest-core/1.3/hamcrest-core-1.3.jar:/Users/tushar/.m2/repository/org/rundeck/rundeck-api-java-client/13.2/rundeck-api-java-client-13.2.jar:/Users/tushar/.m2/repository/org/apache/httpcomponents/httpclient/4.3.6/httpclient-4.3.6.jar:/Users/tushar/.m2/repository/commons-logging/commons-logging/1.1.3/commons-logging-1.1.3.jar:/Users/tushar/.m2/repository/commons-codec/commons-codec/1.6/commons-codec-1.6.jar:/Users/tushar/.m2/repository/org/apache/httpcomponents/httpmime/4.3.6/httpmime-4.3.6.jar:/Users/tushar/.m2/repository/org/apache/httpcomponents/httpcore/4.3.3/httpcore-4.3.3.jar:/Users/tushar/.m2/repository/commons-lang/commons-lang/2.6/commons-lang-2.6.jar:/Users/tushar/.m2/repository/commons-io/commons-io/2.4/commons-io-2.4.jar:/Users/tushar/.m2/repository/dom4j/dom4j/1.6.1/dom4j-1.6.1.jar:/Users/tushar/.m2/repository/jaxen/jaxen/1.1.6/jaxen-1.1.6.jar:/Users/tushar/.m2/repository/org/apache/geronimo/specs/geronimo-servlet_3.0_spec/1.0/geronimo-servlet_3.0_spec-1.0.jar:/Users/tushar/.m2/repository/commons-fileupload/commons-fileupload/1.4/commons-fileupload-1.4.jar:/Users/tushar/.m2/repository/com/rabbitmq/amqp-client/5.9.0/amqp-client-5.9.0.jar:/Users/tushar/.m2/repository/org/slf4j/slf4j-api/1.7.30/slf4j-api-1.7.30.jar:/Users/tushar/.m2/repository/com/googlecode/json-simple/json-simple/1.1.1/json-simple-1.1.1.jar:/Users/tushar/.m2/repository/javax/mail/javax.mail-api/1.5.2/javax.mail-api-1.5.2.jar:/Users/tushar/.m2/repository/javax/activation/activation/1.1/activation-1.1.jar:/Users/tushar/.m2/repository/com/sun/mail/javax.mail/1.6.0/javax.mail-1.6.0.jar:"/>
    <property name="java.vm.vendor" value="Amazon.com Inc."/>
    <property name="sun.arch.data.model" value="64"/>
    <property name="java.vendor.url" value="https://aws.amazon.com/corretto/"/>
    <property name="user.timezone" value=""/>
    <property name="java.vm.specification.version" value="11"/>
    <property name="os.name" value="Mac OS X"/>
    <property name="sun.java.launcher" value="SUN_STANDARD"/>
    <property name="user.country" value="IN"/>
    <property name="sun.boot.library.path" value="/Library/Java/JavaVirtualMachines/amazon-corretto-11.jdk/Contents/Home/lib"/>
    <property name="sun.java.command" value="/Users/tushar/IdeaProjects/ConsumerApplication/target/surefire/surefirebooter3768866789425323418.jar /Users/tushar/IdeaProjects/ConsumerApplication/target/surefire 2020-05-31T12-21-30_730-jvmRun1 surefire1707131318637338252tmp surefire_03879333034938279847tmp"/>
    <property name="jdk.debug" value="release"/>
    <property name="surefire.test.class.path" value="/Users/tushar/IdeaProjects/ConsumerApplication/target/test-classes:/Users/tushar/IdeaProjects/ConsumerApplication/target/classes:/Users/tushar/.m2/repository/junit/junit/4.11/junit-4.11.jar:/Users/tushar/.m2/repository/org/hamcrest/hamcrest-core/1.3/hamcrest-core-1.3.jar:/Users/tushar/.m2/repository/org/rundeck/rundeck-api-java-client/13.2/rundeck-api-java-client-13.2.jar:/Users/tushar/.m2/repository/org/apache/httpcomponents/httpclient/4.3.6/httpclient-4.3.6.jar:/Users/tushar/.m2/repository/commons-logging/commons-logging/1.1.3/commons-logging-1.1.3.jar:/Users/tushar/.m2/repository/commons-codec/commons-codec/1.6/commons-codec-1.6.jar:/Users/tushar/.m2/repository/org/apache/httpcomponents/httpmime/4.3.6/httpmime-4.3.6.jar:/Users/tushar/.m2/repository/org/apache/httpcomponents/httpcore/4.3.3/httpcore-4.3.3.jar:/Users/tushar/.m2/repository/commons-lang/commons-lang/2.6/commons-lang-2.6.jar:/Users/tushar/.m2/repository/commons-io/commons-io/2.4/commons-io-2.4.jar:/Users/tushar/.m2/repository/dom4j/dom4j/1.6.1/dom4j-1.6.1.jar:/Users/tushar/.m2/repository/jaxen/jaxen/1.1.6/jaxen-1.1.6.jar:/Users/tushar/.m2/repository/org/apache/geronimo/specs/geronimo-servlet_3.0_spec/1.0/geronimo-servlet_3.0_spec-1.0.jar:/Users/tushar/.m2/repository/commons-fileupload/commons-fileupload/1.4/commons-fileupload-1.4.jar:/Users/tushar/.m2/repository/com/rabbitmq/amqp-client/5.9.0/amqp-client-5.9.0.jar:/Users/tushar/.m2/repository/org/slf4j/slf4j-api/1.7.30/slf4j-api-1.7.30.jar:/Users/tushar/.m2/repository/com/googlecode/json-simple/json-simple/1.1.1/json-simple-1.1.1.jar:/Users/tushar/.m2/repository/javax/mail/javax.mail-api/1.5.2/javax.mail-api-1.5.2.jar:/Users/tushar/.m2/repository/javax/activation/activation/1.1/activation-1.1.jar:/Users/tushar/.m2/repository/com/sun/mail/javax.mail/1.6.0/javax.mail-1.6.0.jar:"/>
    <property name="sun.cpu.endian" value="little"/>
    <property name="user.home" value="/Users/tushar"/>
    <property name="user.language" value="en"/>
    <property name="java.specification.vendor" value="Oracle Corporation"/>
    <property name="java.version.date" value="2020-04-14"/>
    <property name="java.home" value="/Library/Java/JavaVirtualMachines/amazon-corretto-11.jdk/Contents/Home"/>
    <property name="file.separator" value="/"/>
    <property name="basedir" value="/Users/tushar/IdeaProjects/ConsumerApplication"/>
    <property name="java.vm.compressedOopsMode" value="Zero based"/>
    <property name="line.separator" value="&#10;"/>
    <property name="java.specification.name" value="Java Platform API Specification"/>
    <property name="java.vm.specification.vendor" value="Oracle Corporation"/>
    <property name="java.awt.graphicsenv" value="sun.awt.CGraphicsEnvironment"/>
    <property name="idea.version2020.1.1" value="true"/>
    <property name="surefire.real.class.path" value="/Users/tushar/IdeaProjects/ConsumerApplication/target/surefire/surefirebooter3768866789425323418.jar"/>
    <property name="sun.management.compiler" value="HotSpot 64-Bit Tiered Compilers"/>
    <property name="java.runtime.version" value="11.0.7+10-LTS"/>
    <property name="user.name" value="tushar"/>
    <property name="path.separator" value=":"/>
    <property name="os.version" value="10.15.5"/>
    <property name="java.runtime.name" value="OpenJDK Runtime Environment"/>
    <property name="file.encoding" value="US-ASCII"/>
    <property name="java.vm.name" value="OpenJDK 64-Bit Server VM"/>
    <property name="java.vendor.version" value="Corretto-11.0.7.10.1"/>
    <property name="localRepository" value="/Users/tushar/.m2/repository"/>
    <property name="java.vendor.url.bug" value="https://github.com/corretto/corretto-11/issues/"/>
    <property name="java.io.tmpdir" value="/var/folders/pk/gxmshrn95r5bjv79q28fx7j00000gn/T/"/>
    <property name="java.version" value="11.0.7"/>
    <property name="user.dir" value="/Users/tushar/IdeaProjects/ConsumerApplication"/>
    <property name="os.arch" value="x86_64"/>
    <property name="java.vm.specification.name" value="Java Virtual Machine Specification"/>
    <property name="java.awt.printerjob" value="sun.lwawt.macosx.CPrinterJob"/>
    <property name="sun.os.patch.level" value="unknown"/>
    <property name="java.library.path" value="/Users/tushar/Library/Java/Extensions:/Library/Java/Extensions:/Network/Library/Java/Extensions:/System/Library/Java/Extensions:/usr/lib/java:."/>
    <property name="java.vendor" value="Amazon.com Inc."/>
    <property name="java.vm.info" value="mixed mode"/>
    <property name="java.vm.version" value="11.0.7+10-LTS"/>
    <property name="sun.io.unicode.encoding" value="UnicodeBig"/>
    <property name="java.class.version" value="55.0"/>
  </properties>
  <testcase name="shouldAnswerWithTrue" classname="org.ConsumerApplication.AppTest" time="0.001"/>
</testsuite>